Arguments: 
  C:\Program Files\nodejs\node.exe C:\Users\56998\AppData\Roaming\npm\node_modules\yarn\bin\yarn.js add --json @parcel/transformer-sass@^2.0.1 -D -W

PATH: 
  D:\USM\Portafolio\simplefolio\node_modules\.bin;D:\USM\Portafolio\node_modules\.bin;D:\USM\node_modules\.bin;D:\node_modules\.bin;C:\Program Files\nodejs\node_modules\npm\node_modules\@npmcli\run-script\lib\node-gyp-bin;D:\Oculus\Support\oculus-runtime;D:\PlasticSCM5\server;D:\PlasticSCM5\client;C:\Program Files\Common Files\Oracle\Java\javapath;C:\Windows\system32;C:\Windows;C:\Windows\System32\Wbem;C:\Windows\System32\WindowsPowerShell\v1.0\;C:\Windows\System32\OpenSSH\;C:\Program Files\NVIDIA Corporation\NVIDIA NvDLISR;C:\Program Files (x86)\NVIDIA Corporation\PhysX\Common;C:\Program Files (x86)\Gpg4win\..\GnuPG\bin;C:\Program Files\GitHub CLI\;C:\Program Files\Git\cmd;C:\Program Files\dotnet\;C:\Program Files\nodejs\;C:\Program Files\Go\bin;D:\USM\descargas\Protoc\bin;C:\Program Files\Docker\Docker\resources\bin;C:\ProgramData\DockerDesktop\version-bin;C:\Users\56998\AppData\Local\Microsoft\WindowsApps;;C:\Users\56998\AppData\Local\Coursier\cache\arc\https\github.com\AdoptOpenJDK\openjdk8-binaries\releases\download\jdk8u292-b10\OpenJDK8U-jdk_x64_windows_hotspot_8u292b10.zip\jdk8u292-b10\bin;C:\Users\56998\AppData\Local\Coursier\data\bin;C:\Users\56998\AppData\Local\Programs\Microsoft VS Code\bin;C:\Users\56998\.dotnet\tools;C:\Users\56998\AppData\Roaming\npm;C:\Users\56998\go\bin

Yarn version: 
  1.22.19

Node version: 
  16.17.0

Platform: 
  win32 x64

Trace: 
  Error: EPERM: operation not permitted, unlink 'D:\USM\Portafolio\simplefolio\node_modules\@parcel\fs-search\fs-search.win32-x64-msvc.node'

npm manifest: 
  {
    "name": "simplefolio",
    "version": "1.0.1",
    "private": "true",
    "description": "A clean, beautiful and responsive portfolio template for Developers!",
    "source": "src/index.html",
    "scripts": {
      "start": "parcel",
      "build": "parcel build"
    },
    "repository": {
      "type": "git",
      "url": "git+https://github.com/Lewis19K/Lewis19K.github.io.git"
    },
    "keywords": [],
    "author": "Luis Corrales",
    "homepage": "https://github.com/Lewis19K/Lewis19K.github.io.git",
    "devDependencies": {
      "@parcel/transformer-sass": "^2.0.1",
      "parcel": "^2.0.1",
      "prettier": "^2.4.1"
    },
    "dependencies": {
      "@popperjs/core": "^2.10.2",
      "bootstrap": "^5.1.3",
      "jquery": "^3.6.0",
      "popper.js": "^1.16.1",
      "vanilla-tilt": "^1.7.2"
    }
  }

yarn manifest: 
  No manifest

Lockfile: 
  No lockfile
